0 info it worked if it ends with ok
1 verbose cli [ '/usr/local/bin/node',
1 verbose cli   '/usr/local/bin/npm',
1 verbose cli   'install',
1 verbose cli   'angular2/http' ]
2 info using npm@3.3.10
3 info using node@v5.0.0
4 silly loadCurrentTree Starting
5 silly install loadCurrentTree
6 silly install readLocalPackageData
7 silly fetchPackageMetaData angular2/http
8 silly fetchOtherPackageData angular2/http
9 silly cache add args [ 'angular2/http', null ]
10 verbose cache add spec angular2/http
11 silly cache add parsed spec Result {
11 silly cache add   raw: 'angular2/http',
11 silly cache add   scope: null,
11 silly cache add   name: null,
11 silly cache add   rawSpec: 'angular2/http',
11 silly cache add   spec: 'github:angular2/http',
11 silly cache add   type: 'hosted',
11 silly cache add   hosted:
11 silly cache add    { type: 'github',
11 silly cache add      ssh: 'git@github.com:angular2/http.git',
11 silly cache add      sshUrl: 'git+ssh://git@github.com/angular2/http.git',
11 silly cache add      httpsUrl: 'git+https://github.com/angular2/http.git',
11 silly cache add      gitUrl: 'git://github.com/angular2/http.git',
11 silly cache add      shortcut: 'github:angular2/http',
11 silly cache add      directUrl: 'https://raw.githubusercontent.com/angular2/http/master/package.json' } }
12 verbose addRemoteGit caching angular2/http
13 verbose addRemoteGit angular2/http is a repository hosted by github
14 silly tryGitProto attempting to clone git://github.com/angular2/http.git
15 silly tryClone cloning angular2/http via git://github.com/angular2/http.git
16 verbose tryClone git-github-com-angular2-http-git-d0c858532ca94a77d41a3da59dd36bf4 not in flight; caching
17 verbose makeDirectory /Users/danielgiguere/.npm/_git-remotes creation not in flight; initializing
18 silly makeDirectory /Users/danielgiguere/.npm/_git-remotes uid: 501 gid: 20
19 info git [ 'clone',
19 info git   '--template=/Users/danielgiguere/.npm/_git-remotes/_templates',
19 info git   '--mirror',
19 info git   'git://github.com/angular2/http.git',
19 info git   '/Users/danielgiguere/.npm/_git-remotes/git-github-com-angular2-http-git-d0c858532ca94a77d41a3da59dd36bf4' ]
20 verbose git clone --template=/Users/danielgiguere/.npm/_git-remotes/_templates --mirror git://github.com/angular2/http.git /Users/danielgiguere/.npm/_git-remotes/git-github-com-angular2-http-git-d0c858532ca94a77d41a3da59dd36bf4: Cloning into bare repository '/Users/danielgiguere/.npm/_git-remotes/git-github-com-angular2-http-git-d0c858532ca94a77d41a3da59dd36bf4'...
20 verbose git clone --template=/Users/danielgiguere/.npm/_git-remotes/_templates --mirror git://github.com/angular2/http.git /Users/danielgiguere/.npm/_git-remotes/git-github-com-angular2-http-git-d0c858532ca94a77d41a3da59dd36bf4: fatal: remote error:
20 verbose git clone --template=/Users/danielgiguere/.npm/_git-remotes/_templates --mirror git://github.com/angular2/http.git /Users/danielgiguere/.npm/_git-remotes/git-github-com-angular2-http-git-d0c858532ca94a77d41a3da59dd36bf4:   Repository not found.
21 silly tryHTTPS attempting to clone git+https://github.com/angular2/http.git
22 silly tryClone cloning angular2/http via git+https://github.com/angular2/http.git
23 verbose tryClone git-https-github-com-angular2-http-git-3213794a8b0fa19b098056eccb201e96 not in flight; caching
24 info git [ 'clone',
24 info git   '--template=/Users/danielgiguere/.npm/_git-remotes/_templates',
24 info git   '--mirror',
24 info git   'https://github.com/angular2/http.git',
24 info git   '/Users/danielgiguere/.npm/_git-remotes/git-https-github-com-angular2-http-git-3213794a8b0fa19b098056eccb201e96' ]
25 verbose git clone --template=/Users/danielgiguere/.npm/_git-remotes/_templates --mirror https://github.com/angular2/http.git /Users/danielgiguere/.npm/_git-remotes/git-https-github-com-angular2-http-git-3213794a8b0fa19b098056eccb201e96: Cloning into bare repository '/Users/danielgiguere/.npm/_git-remotes/git-https-github-com-angular2-http-git-3213794a8b0fa19b098056eccb201e96'...
25 verbose git clone --template=/Users/danielgiguere/.npm/_git-remotes/_templates --mirror https://github.com/angular2/http.git /Users/danielgiguere/.npm/_git-remotes/git-https-github-com-angular2-http-git-3213794a8b0fa19b098056eccb201e96: remote: Repository not found.
25 verbose git clone --template=/Users/danielgiguere/.npm/_git-remotes/_templates --mirror https://github.com/angular2/http.git /Users/danielgiguere/.npm/_git-remotes/git-https-github-com-angular2-http-git-3213794a8b0fa19b098056eccb201e96: fatal: repository 'https://github.com/angular2/http.git/' not found
26 silly trySSH attempting to clone git@github.com:angular2/http.git
27 silly tryClone cloning angular2/http via git@github.com:angular2/http.git
28 verbose tryClone git-github-com-angular2-http-git-538df57be48067dd1a69dea319902e61 not in flight; caching
29 info git [ 'clone',
29 info git   '--template=/Users/danielgiguere/.npm/_git-remotes/_templates',
29 info git   '--mirror',
29 info git   'git@github.com:angular2/http.git',
29 info git   '/Users/danielgiguere/.npm/_git-remotes/git-github-com-angular2-http-git-538df57be48067dd1a69dea319902e61' ]
30 error git clone --template=/Users/danielgiguere/.npm/_git-remotes/_templates --mirror git@github.com:angular2/http.git /Users/danielgiguere/.npm/_git-remotes/git-github-com-angular2-http-git-538df57be48067dd1a69dea319902e61: Cloning into bare repository '/Users/danielgiguere/.npm/_git-remotes/git-github-com-angular2-http-git-538df57be48067dd1a69dea319902e61'...
30 error git clone --template=/Users/danielgiguere/.npm/_git-remotes/_templates --mirror git@github.com:angular2/http.git /Users/danielgiguere/.npm/_git-remotes/git-github-com-angular2-http-git-538df57be48067dd1a69dea319902e61: Warning: Permanently added 'github.com,192.30.252.129' (RSA) to the list of known hosts.
30 error git clone --template=/Users/danielgiguere/.npm/_git-remotes/_templates --mirror git@github.com:angular2/http.git /Users/danielgiguere/.npm/_git-remotes/git-github-com-angular2-http-git-538df57be48067dd1a69dea319902e61: Permission denied (publickey).
30 error git clone --template=/Users/danielgiguere/.npm/_git-remotes/_templates --mirror git@github.com:angular2/http.git /Users/danielgiguere/.npm/_git-remotes/git-github-com-angular2-http-git-538df57be48067dd1a69dea319902e61: fatal: Could not read from remote repository.
30 error git clone --template=/Users/danielgiguere/.npm/_git-remotes/_templates --mirror git@github.com:angular2/http.git /Users/danielgiguere/.npm/_git-remotes/git-github-com-angular2-http-git-538df57be48067dd1a69dea319902e61:
30 error git clone --template=/Users/danielgiguere/.npm/_git-remotes/_templates --mirror git@github.com:angular2/http.git /Users/danielgiguere/.npm/_git-remotes/git-github-com-angular2-http-git-538df57be48067dd1a69dea319902e61: Please make sure you have the correct access rights
30 error git clone --template=/Users/danielgiguere/.npm/_git-remotes/_templates --mirror git@github.com:angular2/http.git /Users/danielgiguere/.npm/_git-remotes/git-github-com-angular2-http-git-538df57be48067dd1a69dea319902e61: and the repository exists.
31 silly fetchPackageMetaData Error: Command failed: git clone --template=/Users/danielgiguere/.npm/_git-remotes/_templates --mirror git@github.com:angular2/http.git /Users/danielgiguere/.npm/_git-remotes/git-github-com-angular2-http-git-538df57be48067dd1a69dea319902e61
31 silly fetchPackageMetaData Cloning into bare repository '/Users/danielgiguere/.npm/_git-remotes/git-github-com-angular2-http-git-538df57be48067dd1a69dea319902e61'...
31 silly fetchPackageMetaData Warning: Permanently added 'github.com,192.30.252.129' (RSA) to the list of known hosts.
31 silly fetchPackageMetaData Permission denied (publickey).
31 silly fetchPackageMetaData fatal: Could not read from remote repository.
31 silly fetchPackageMetaData
31 silly fetchPackageMetaData Please make sure you have the correct access rights
31 silly fetchPackageMetaData and the repository exists.
31 silly fetchPackageMetaData
31 silly fetchPackageMetaData     at ChildProcess.exithandler (child_process.js:203:12)
31 silly fetchPackageMetaData     at emitTwo (events.js:87:13)
31 silly fetchPackageMetaData     at ChildProcess.emit (events.js:172:7)
31 silly fetchPackageMetaData     at maybeClose (internal/child_process.js:818:16)
31 silly fetchPackageMetaData     at Socket.<anonymous> (internal/child_process.js:319:11)
31 silly fetchPackageMetaData     at emitOne (events.js:77:13)
31 silly fetchPackageMetaData     at Socket.emit (events.js:169:7)
31 silly fetchPackageMetaData     at Pipe._onclose (net.js:469:12)
31 silly fetchPackageMetaData  error for angular2/http { [Error: Command failed: git clone --template=/Users/danielgiguere/.npm/_git-remotes/_templates --mirror git@github.com:angular2/http.git /Users/danielgiguere/.npm/_git-remotes/git-github-com-angular2-http-git-538df57be48067dd1a69dea319902e61
31 silly fetchPackageMetaData Cloning into bare repository '/Users/danielgiguere/.npm/_git-remotes/git-github-com-angular2-http-git-538df57be48067dd1a69dea319902e61'...
31 silly fetchPackageMetaData Warning: Permanently added 'github.com,192.30.252.129' (RSA) to the list of known hosts.
31 silly fetchPackageMetaData Permission denied (publickey).
31 silly fetchPackageMetaData fatal: Could not read from remote repository.
31 silly fetchPackageMetaData
31 silly fetchPackageMetaData Please make sure you have the correct access rights
31 silly fetchPackageMetaData and the repository exists.
31 silly fetchPackageMetaData ]
31 silly fetchPackageMetaData   killed: false,
31 silly fetchPackageMetaData   code: 128,
31 silly fetchPackageMetaData   signal: null,
31 silly fetchPackageMetaData   cmd: 'git clone --template=/Users/danielgiguere/.npm/_git-remotes/_templates --mirror git@github.com:angular2/http.git /Users/danielgiguere/.npm/_git-remotes/git-github-com-angular2-http-git-538df57be48067dd1a69dea319902e61' }
32 silly rollbackFailedOptional Starting
33 silly rollbackFailedOptional Finishing
34 silly runTopLevelLifecycles Starting
35 silly runTopLevelLifecycles Finishing
36 silly install printInstalled
37 verbose stack Error: Command failed: git clone --template=/Users/danielgiguere/.npm/_git-remotes/_templates --mirror git@github.com:angular2/http.git /Users/danielgiguere/.npm/_git-remotes/git-github-com-angular2-http-git-538df57be48067dd1a69dea319902e61
37 verbose stack Cloning into bare repository '/Users/danielgiguere/.npm/_git-remotes/git-github-com-angular2-http-git-538df57be48067dd1a69dea319902e61'...
37 verbose stack Warning: Permanently added 'github.com,192.30.252.129' (RSA) to the list of known hosts.
37 verbose stack Permission denied (publickey).
37 verbose stack fatal: Could not read from remote repository.
37 verbose stack
37 verbose stack Please make sure you have the correct access rights
37 verbose stack and the repository exists.
37 verbose stack
37 verbose stack     at ChildProcess.exithandler (child_process.js:203:12)
37 verbose stack     at emitTwo (events.js:87:13)
37 verbose stack     at ChildProcess.emit (events.js:172:7)
37 verbose stack     at maybeClose (internal/child_process.js:818:16)
37 verbose stack     at Socket.<anonymous> (internal/child_process.js:319:11)
37 verbose stack     at emitOne (events.js:77:13)
37 verbose stack     at Socket.emit (events.js:169:7)
37 verbose stack     at Pipe._onclose (net.js:469:12)
38 verbose cwd /Users/danielgiguere/Workspaces/git/pi/pi/src/main/resources/static/keezer
39 error Darwin 15.0.0
40 error argv "/usr/local/bin/node" "/usr/local/bin/npm" "install" "angular2/http"
41 error node v5.0.0
42 error npm  v3.3.10
43 error code 128
44 error Command failed: git clone --template=/Users/danielgiguere/.npm/_git-remotes/_templates --mirror git@github.com:angular2/http.git /Users/danielgiguere/.npm/_git-remotes/git-github-com-angular2-http-git-538df57be48067dd1a69dea319902e61
44 error Cloning into bare repository '/Users/danielgiguere/.npm/_git-remotes/git-github-com-angular2-http-git-538df57be48067dd1a69dea319902e61'...
44 error Warning: Permanently added 'github.com,192.30.252.129' (RSA) to the list of known hosts.
44 error Permission denied (publickey).
44 error fatal: Could not read from remote repository.
44 error
44 error Please make sure you have the correct access rights
44 error and the repository exists.
45 error If you need help, you may report this error at:
45 error     <https://github.com/npm/npm/issues>
46 verbose exit [ 1, true ]
